<?xml version="1.0" encoding="UTF-8"?>
<!-- Generated by org.testng.reporters.JUnitXMLReporter -->
<testsuite ignored="0" hostname="arunkumar-ThinkBook-15-G3-ACL" failures="1" tests="3" name="Test" time="89.922" errors="0" timestamp="2024-06-18T11:23:25 IST">
  <testcase classname="Test.Appium.LongPress" name="longpress" time="9.294"/>
  <testcase classname="TestNGFramework.Main" name="AddCart" time="30.536"/>
  <testcase classname="TestNGFramework.Main" name="ErrorValidation" time="14.77">
    <failure type="java.lang.AssertionError" message="expected:&amp;lt;Please enter your name&amp;gt; but was:&amp;lt;Please enter your ame&amp;gt;">
      <![CDATA[java.lang.AssertionError: expected:<Please enter your name> but was:<Please enter your ame>
at TestNGFramework.Main.ErrorValidation(Main.java:33)
at java.base/java.util.ArrayList.forEach(ArrayList.java:1511)
... Removed 29 stack frames]]>
    </failure>
  </testcase> <!-- ErrorValidation -->
</testsuite> <!-- Test -->
